  camera.cpp
  engine.cpp
D:\repository\DirectXEngine\src\engine\camera.hpp(3,10): error C1083: Cannot open include file: 'glm/mat4x4.hpp': No such file or directory
  (compiling source file 'src/engine/camera.cpp')
  
D:\repository\DirectXEngine\src\engine\engine.hpp(12,10): error C1083: Cannot open include file: 'GLFW/glfw3.h': No such file or directory
  (compiling source file 'src/engine/engine.cpp')
  
C:\Program Files\Microsoft Visual Studio\2022\Community\VC\Tools\MSVC\14.44.35207\include\filesystem(12): warning STL4038: The contents of <filesystem> are available only with C++17 or later.
  mesh.cpp
C:\Program Files\Microsoft Visual Studio\2022\Community\VC\Tools\MSVC\14.44.35207\include\filesystem(12): warning STL4038: The contents of <filesystem> are available only with C++17 or later.
D:\repository\DirectXEngine\src\engine\mesh.hpp(6,10): error C1083: Cannot open include file: 'assimp/Importer.hpp': No such file or directory
  (compiling source file 'src/engine/mesh.cpp')
  
  pipeline.cpp
D:\repository\DirectXEngine\src\engine\pipeline.cpp(5,11): error C7550: 'Pipeline::{ctor}': the qualified name in this context names a constructor, not a type
D:\repository\DirectXEngine\src\engine\pipeline.cpp(5,20): error C2065: 'VkDevice': undeclared identifier
D:\repository\DirectXEngine\src\engine\pipeline.cpp(5,29): error C2146: syntax error: missing ')' before identifier 'device'
D:\repository\DirectXEngine\src\engine\pipeline.cpp(6,7): error C4430: missing type specifier - int assumed. Note: C++ does not support default-int
D:\repository\DirectXEngine\src\engine\pipeline.cpp(6,17): error C2065: 'device': undeclared identifier
D:\repository\DirectXEngine\src\engine\pipeline.cpp(6,26): error C4430: missing type specifier - int assumed. Note: C++ does not support default-int
D:\repository\DirectXEngine\src\engine\pipeline.cpp(6,45): error C2065: 'swapchainExtent': undeclared identifier
D:\repository\DirectXEngine\src\engine\pipeline.cpp(6,63): error C4430: missing type specifier - int assumed. Note: C++ does not support default-int
D:\repository\DirectXEngine\src\engine\pipeline.cpp(6,77): error C2065: 'renderPass': undeclared identifier
D:\repository\DirectXEngine\src\engine\pipeline.cpp(6,90): error C4430: missing type specifier - int assumed. Note: C++ does not support default-int
D:\repository\DirectXEngine\src\engine\pipeline.cpp(6,107): error C2065: 'VK_NULL_HANDLE': undeclared identifier
D:\repository\DirectXEngine\src\engine\pipeline.cpp(6,124): error C4430: missing type specifier - int assumed. Note: C++ does not support default-int
D:\repository\DirectXEngine\src\engine\pipeline.cpp(6,143): error C2065: 'VK_NULL_HANDLE': undeclared identifier
D:\repository\DirectXEngine\src\engine\pipeline.cpp(6,159): error C2059: syntax error: '{'
D:\repository\DirectXEngine\src\engine\pipeline.cpp(6,159): error C2143: syntax error: missing ';' before '{'
D:\repository\DirectXEngine\src\engine\pipeline.cpp(6,159): error C2447: '{': missing function header (old-style formal list?)
D:\repository\DirectXEngine\src\engine\pipeline.cpp(10,23): error C2100: you cannot dereference an operand of type 'Microsoft::WRL::ComPtr<ID3D11Device>'
D:\repository\DirectXEngine\src\engine\pipeline.cpp(10,5): error C3861: 'vkDestroyPipeline': identifier not found
D:\repository\DirectXEngine\src\engine\pipeline.cpp(11,29): error C2100: you cannot dereference an operand of type 'Microsoft::WRL::ComPtr<ID3D11Device>'
D:\repository\DirectXEngine\src\engine\pipeline.cpp(11,5): error C3861: 'vkDestroyPipelineLayout': identifier not found
D:\repository\DirectXEngine\src\engine\pipeline.cpp(14,26): error C2039: 'CreateShaderModule': is not a member of 'Pipeline'
      D:\repository\DirectXEngine\src\engine\pipeline.hpp(7,7):
      see declaration of 'Pipeline'
  
D:\repository\DirectXEngine\src\engine\pipeline.cpp(14,1): error C4430: missing type specifier - int assumed. Note: C++ does not support default-int
D:\repository\DirectXEngine\src\engine\pipeline.cpp(14,26): error C2146: syntax error: missing ';' before identifier 'CreateShaderModule'
D:\repository\DirectXEngine\src\engine\pipeline.cpp(14,76): error C2143: syntax error: missing ';' before '{'
D:\repository\DirectXEngine\src\engine\pipeline.cpp(14,76): error C2447: '{': missing function header (old-style formal list?)
D:\repository\DirectXEngine\src\engine\pipeline.cpp(29,20): error C2146: syntax error: missing ';' before identifier 'vertShaderModule'
D:\repository\DirectXEngine\src\engine\pipeline.cpp(29,20): error C2065: 'vertShaderModule': undeclared identifier
D:\repository\DirectXEngine\src\engine\pipeline.cpp(29,39): error C3861: 'CreateShaderModule': identifier not found
D:\repository\DirectXEngine\src\engine\pipeline.cpp(30,20): error C2146: syntax error: missing ';' before identifier 'fragShaderModule'
D:\repository\DirectXEngine\src\engine\pipeline.cpp(30,20): error C2065: 'fragShaderModule': undeclared identifier
D:\repository\DirectXEngine\src\engine\pipeline.cpp(30,39): error C3861: 'CreateShaderModule': identifier not found
D:\repository\DirectXEngine\src\engine\pipeline.cpp(32,5): error C2065: 'VkPipelineShaderStageCreateInfo': undeclared identifier
D:\repository\DirectXEngine\src\engine\pipeline.cpp(32,37): error C2146: syntax error: missing ';' before identifier 'vertShaderStageInfo'
D:\repository\DirectXEngine\src\engine\pipeline.cpp(32,37): error C2065: 'vertShaderStageInfo': undeclared identifier
D:\repository\DirectXEngine\src\engine\pipeline.cpp(33,5): error C2065: 'vertShaderStageInfo': undeclared identifier
D:\repository\DirectXEngine\src\engine\pipeline.cpp(33,33): error C2065: 'VK_STRUCTURE_TYPE_PIPELINE_SHADER_STAGE_CREATE_INFO': undeclared identifier
D:\repository\DirectXEngine\src\engine\pipeline.cpp(34,5): error C2065: 'vertShaderStageInfo': undeclared identifier
D:\repository\DirectXEngine\src\engine\pipeline.cpp(34,33): error C2065: 'VK_SHADER_STAGE_VERTEX_BIT': undeclared identifier
D:\repository\DirectXEngine\src\engine\pipeline.cpp(35,5): error C2065: 'vertShaderStageInfo': undeclared identifier
D:\repository\DirectXEngine\src\engine\pipeline.cpp(35,34): error C2065: 'vertShaderModule': undeclared identifier
D:\repository\DirectXEngine\src\engine\pipeline.cpp(36,5): error C2065: 'vertShaderStageInfo': undeclared identifier
D:\repository\DirectXEngine\src\engine\pipeline.cpp(38,5): error C2065: 'VkPipelineShaderStageCreateInfo': undeclared identifier
D:\repository\DirectXEngine\src\engine\pipeline.cpp(38,37): error C2146: syntax error: missing ';' before identifier 'fragShaderStageInfo'
D:\repository\DirectXEngine\src\engine\pipeline.cpp(38,37): error C2065: 'fragShaderStageInfo': undeclared identifier
D:\repository\DirectXEngine\src\engine\pipeline.cpp(39,5): error C2065: 'fragShaderStageInfo': undeclared identifier
D:\repository\DirectXEngine\src\engine\pipeline.cpp(39,33): error C2065: 'VK_STRUCTURE_TYPE_PIPELINE_SHADER_STAGE_CREATE_INFO': undeclared identifier
D:\repository\DirectXEngine\src\engine\pipeline.cpp(40,5): error C2065: 'fragShaderStageInfo': undeclared identifier
D:\repository\DirectXEngine\src\engine\pipeline.cpp(40,33): error C2065: 'VK_SHADER_STAGE_FRAGMENT_BIT': undeclared identifier
D:\repository\DirectXEngine\src\engine\pipeline.cpp(41,5): error C2065: 'fragShaderStageInfo': undeclared identifier
D:\repository\DirectXEngine\src\engine\pipeline.cpp(41,34): error C2065: 'fragShaderModule': undeclared identifier
D:\repository\DirectXEngine\src\engine\pipeline.cpp(42,5): error C2065: 'fragShaderStageInfo': undeclared identifier
D:\repository\DirectXEngine\src\engine\pipeline.cpp(44,5): error C2065: 'VkPipelineShaderStageCreateInfo': undeclared identifier
D:\repository\DirectXEngine\src\engine\pipeline.cpp(44,37): error C2146: syntax error: missing ';' before identifier 'shaderStages'
D:\repository\DirectXEngine\src\engine\pipeline.cpp(44,37): error C2065: 'shaderStages': undeclared identifier
D:\repository\DirectXEngine\src\engine\pipeline.cpp(44,50): error C7732: expected an expression before ']'
D:\repository\DirectXEngine\src\engine\pipeline.cpp(44,56): error C2065: 'vertShaderStageInfo': undeclared identifier
D:\repository\DirectXEngine\src\engine\pipeline.cpp(44,77): error C2065: 'fragShaderStageInfo': undeclared identifier
D:\repository\DirectXEngine\src\engine\pipeline.cpp(47,5): error C2065: 'VkPipelineVertexInputStateCreateInfo': undeclared identifier
D:\repository\DirectXEngine\src\engine\pipeline.cpp(47,42): error C2146: syntax error: missing ';' before identifier 'vertexInputInfo'
D:\repository\DirectXEngine\src\engine\pipeline.cpp(47,42): error C2065: 'vertexInputInfo': undeclared identifier
D:\repository\DirectXEngine\src\engine\pipeline.cpp(48,5): error C2065: 'vertexInputInfo': undeclared identifier
D:\repository\DirectXEngine\src\engine\pipeline.cpp(48,29): error C2065: 'VK_STRUCTURE_TYPE_PIPELINE_VERTEX_INPUT_STATE_CREATE_INFO': undeclared identifier
D:\repository\DirectXEngine\src\engine\pipeline.cpp(49,5): error C2065: 'vertexInputInfo': undeclared identifier
D:\repository\DirectXEngine\src\engine\pipeline.cpp(50,5): error C2065: 'vertexInputInfo': undeclared identifier
D:\repository\DirectXEngine\src\engine\pipeline.cpp(51,5): error C2065: 'vertexInputInfo': undeclared identifier
D:\repository\DirectXEngine\src\engine\pipeline.cpp(52,5): error C2065: 'vertexInputInfo': undeclared identifier
D:\repository\DirectXEngine\src\engine\pipeline.cpp(55,5): error C2065: 'VkPipelineInputAssemblyStateCreateInfo': undeclared identifier
D:\repository\DirectXEngine\src\engine\pipeline.cpp(55,44): error C2146: syntax error: missing ';' before identifier 'inputAssembly'
D:\repository\DirectXEngine\src\engine\pipeline.cpp(55,44): error C2065: 'inputAssembly': undeclared identifier
D:\repository\DirectXEngine\src\engine\pipeline.cpp(56,5): error C2065: 'inputAssembly': undeclared identifier
D:\repository\DirectXEngine\src\engine\pipeline.cpp(56,27): error C2065: 'VK_STRUCTURE_TYPE_PIPELINE_INPUT_ASSEMBLY_STATE_CREATE_INFO': undeclared identifier
D:\repository\DirectXEngine\src\engine\pipeline.cpp(57,5): error C2065: 'inputAssembly': undeclared identifier
D:\repository\DirectXEngine\src\engine\pipeline.cpp(57,30): error C2065: 'VK_PRIMITIVE_TOPOLOGY_TRIANGLE_LIST': undeclared identifier
D:\repository\DirectXEngine\src\engine\pipeline.cpp(58,5): error C2065: 'inputAssembly': undeclared identifier
D:\repository\DirectXEngine\src\engine\pipeline.cpp(58,44): error C2065: 'VK_FALSE': undeclared identifier
D:\repository\DirectXEngine\src\engine\pipeline.cpp(61,5): error C2065: 'VkViewport': undeclared identifier
D:\repository\DirectXEngine\src\engine\pipeline.cpp(61,16): error C2146: syntax error: missing ';' before identifier 'viewport'
D:\repository\DirectXEngine\src\engine\pipeline.cpp(61,16): error C2065: 'viewport': undeclared identifier
D:\repository\DirectXEngine\src\engine\pipeline.cpp(62,5): error C2065: 'viewport': undeclared identifier
D:\repository\DirectXEngine\src\engine\pipeline.cpp(63,5): error C2065: 'viewport': undeclared identifier
D:\repository\DirectXEngine\src\engine\pipeline.cpp(64,5): error C2065: 'viewport': undeclared identifier
D:\repository\DirectXEngine\src\engine\pipeline.cpp(65,5): error C2065: 'viewport': undeclared identifier
D:\repository\DirectXEngine\src\engine\pipeline.cpp(66,5): error C2065: 'viewport': undeclared identifier
D:\repository\DirectXEngine\src\engine\pipeline.cpp(67,5): error C2065: 'viewport': undeclared identifier
D:\repository\DirectXEngine\src\engine\pipeline.cpp(69,5): error C2065: 'VkRect2D': undeclared identifier
D:\repository\DirectXEngine\src\engine\pipeline.cpp(69,14): error C2146: syntax error: missing ';' before identifier 'scissor'
D:\repository\DirectXEngine\src\engine\pipeline.cpp(69,14): error C2065: 'scissor': undeclared identifier
D:\repository\DirectXEngine\src\engine\pipeline.cpp(70,5): error C2065: 'scissor': undeclared identifier
D:\repository\DirectXEngine\src\engine\pipeline.cpp(71,5): error C2065: 'scissor': undeclared identifier
D:\repository\DirectXEngine\src\engine\pipeline.cpp(71,22): error C2100: you cannot dereference an operand of type 'int'
D:\repository\DirectXEngine\src\engine\pipeline.cpp(73,5): error C2065: 'VkPipelineViewportStateCreateInfo': undeclared identifier
D:\repository\DirectXEngine\src\engine\pipeline.cpp(73,39): error C2146: syntax error: missing ';' before identifier 'viewportState'
D:\repository\DirectXEngine\src\engine\pipeline.cpp(73,39): error C2065: 'viewportState': undeclared identifier
D:\repository\DirectXEngine\src\engine\pipeline.cpp(74,5): error C2065: 'viewportState': undeclared identifier
D:\repository\DirectXEngine\src\engine\pipeline.cpp(74,27): error C2065: 'VK_STRUCTURE_TYPE_PIPELINE_VIEWPORT_STATE_CREATE_INFO': undeclared identifier
D:\repository\DirectXEngine\src\engine\pipeline.cpp(75,5): error C2065: 'viewportState': undeclared identifier
D:\repository\DirectXEngine\src\engine\pipeline.cpp(76,5): error C2065: 'viewportState': undeclared identifier
D:\repository\DirectXEngine\src\engine\pipeline.cpp(76,33): error C2065: 'viewport': undeclared identifier
D:\repository\DirectXEngine\src\engine\pipeline.cpp(77,5): error C2065: 'viewportState': undeclared identifier
D:\repository\DirectXEngine\src\engine\pipeline.cpp(78,5): error C2065: 'viewportState': undeclared identifier
D:\repository\DirectXEngine\src\engine\pipeline.cpp(78,32): error C2065: 'scissor': undeclared identifier
D:\repository\DirectXEngine\src\engine\pipeline.cpp(81,5): error C2065: 'VkPipelineRasterizationStateCreateInfo': undeclared identifier
D:\repository\DirectXEngine\src\engine\pipeline.cpp(81,44): error C2146: syntax error: missing ';' before identifier 'rasterizer'
D:\repository\DirectXEngine\src\engine\pipeline.cpp(81,44): error C2065: 'rasterizer': undeclared identifier
D:\repository\DirectXEngine\src\engine\pipeline.cpp(82,5): error C2065: 'rasterizer': undeclared identifier
D:\repository\DirectXEngine\src\engine\pipeline.cpp(82,24): error C2065: 'VK_STRUCTURE_TYPE_PIPELINE_RASTERIZATION_STATE_CREATE_INFO': undeclared identifier
D:\repository\DirectXEngine\src\engine\pipeline.cpp(83,5): error C2065: 'rasterizer': undeclared identifier
D:\repository\DirectXEngine\src\engine\pipeline.cpp(83,5): error C1003: error count exceeds 100; stopping compilation
  timer.cpp
  mat4x4.cpp
  math.cpp
  util.cpp
  vec2.cpp
  vec3.cpp
  vec4.cpp
  game.cpp
C:\Program Files\Microsoft Visual Studio\2022\Community\VC\Tools\MSVC\14.44.35207\include\filesystem(12): warning STL4038: The contents of <filesystem> are available only with C++17 or later.
D:\repository\DirectXEngine\src\engine\engine.hpp(12,10): error C1083: Cannot open include file: 'GLFW/glfw3.h': No such file or directory
  (compiling source file 'src/game.cpp')
  
  main.cpp
C:\Program Files\Microsoft Visual Studio\2022\Community\VC\Tools\MSVC\14.44.35207\include\filesystem(12): warning STL4038: The contents of <filesystem> are available only with C++17 or later.
D:\repository\DirectXEngine\src\engine\engine.hpp(12,10): error C1083: Cannot open include file: 'GLFW/glfw3.h': No such file or directory
  (compiling source file 'src/main.cpp')
  
  Generating Code...
